<?xml version="1.0" encoding="UTF-8"?>
<!-- Generated by org.testng.reporters.JUnitXMLReporter -->
<testsuite ignored="4" hostname="BIMWize3" failures="0" tests="3" name="CHTest" time="4.974" errors="0" timestamp="2023-04-05T18:54:49 EDT">
  <testcase classname="test.LoginTest" name="validateUN" time="0.4"/>
  <testcase classname="test.LoginTest" name="invalidUNValidPW" time="0.286"/>
  <testcase classname="test.LoginTest" name="validUNinValidPW" time="0.281"/>
  <testcase classname="test.LoginTest" name="invalidUNinValidPW" time="0.0">
    <ignored/>
  </testcase> <!-- invalidUNinValidPW -->
  <testcase classname="test.LoginTest" name="validateloginbutton" time="0.0">
    <ignored/>
  </testcase> <!-- validateloginbutton -->
  <testcase classname="test.LandingValidations" name="Validatetitle" time="0.0">
    <ignored/>
  </testcase> <!-- Validatetitle -->
  <testcase classname="test.LandingValidations" name="ValidaeURL" time="0.0">
    <ignored/>
  </testcase> <!-- ValidaeURL -->
</testsuite> <!-- CHTest -->
