<?xml version="1.0" encoding="UTF-8"?>
<!-- Generated by org.testng.reporters.JUnitXMLReporter -->
<testsuite ignored="0" hostname="BIMWize3" failures="0" tests="7" name="FFTest" time="19.499" errors="0" timestamp="2023-04-05T18:55:08 EDT">
  <testcase classname="test.LandingValidations" name="ValidaeURL" time="0.004"/>
  <testcase classname="test.LandingValidations" name="Validatetitle" time="0.006"/>
  <testcase classname="test.LoginTest" name="validateUN" time="0.314"/>
  <testcase classname="test.LoginTest" name="invalidUNValidPW" time="0.237"/>
  <testcase classname="test.LoginTest" name="validUNinValidPW" time="0.233"/>
  <testcase classname="test.LoginTest" name="invalidUNinValidPW" time="0.212"/>
  <testcase classname="test.LoginTest" name="validateloginbutton" time="5.358"/>
</testsuite> <!-- FFTest -->
