<?xml version="1.0" encoding="UTF-8"?>
<!-- Generated by org.testng.reporters.JUnitXMLReporter -->
<testsuite ignored="0" hostname="BIMWize3" failures="0" tests="7" name="RegressionTest Chrome" time="10.658" errors="0" timestamp="2023-04-08T09:10:36 EDT">
  <testcase classname="test.LoginTest" name="validateUN" time="0.471"/>
  <testcase classname="test.LoginTest" name="invalidUNValidPW" time="0.398"/>
  <testcase classname="test.LoginTest" name="validUNinValidPW" time="0.386"/>
  <testcase classname="test.LoginTest" name="invalidUNinValidPW" time="0.454"/>
  <testcase classname="test.LoginTest" name="validateloginbutton" time="0.238"/>
  <testcase classname="test.LandingValidations" name="ValidaeURL" time="0.009"/>
  <testcase classname="test.LandingValidations" name="Validatetitle" time="0.008"/>
</testsuite> <!-- RegressionTest Chrome -->
