<?xml version="1.0" encoding="UTF-8"?>
<!-- Generated by org.testng.reporters.JUnitXMLReporter -->
<testsuite ignored="5" hostname="BIMWize3" failures="0" tests="2" name="RegressionTest Firefox" time="5.978" errors="0" timestamp="2023-04-08T09:10:42 EDT">
  <testcase classname="test.LoginTest" name="validateUN" time="0.465"/>
  <testcase classname="test.LoginTest" name="validUNinValidPW" time="0.323"/>
  <testcase classname="test.LoginTest" name="invalidUNValidPW" time="0.0">
    <ignored/>
  </testcase> <!-- invalidUNValidPW -->
  <testcase classname="test.LoginTest" name="validateloginbutton" time="0.0">
    <ignored/>
  </testcase> <!-- validateloginbutton -->
  <testcase classname="test.LandingValidations" name="ValidaeURL" time="0.0">
    <ignored/>
  </testcase> <!-- ValidaeURL -->
  <testcase classname="test.LandingValidations" name="Validatetitle" time="0.0">
    <ignored/>
  </testcase> <!-- Validatetitle -->
  <testcase classname="test.LoginTest" name="invalidUNinValidPW" time="0.0">
    <ignored/>
  </testcase> <!-- invalidUNinValidPW -->
</testsuite> <!-- RegressionTest Firefox -->
