<?xml version="1.0" encoding="UTF-8"?>
<!-- Generated by org.testng.reporters.JUnitXMLReporter -->
<testsuite ignored="1" hostname="BIMWize3" failures="0" tests="7" name="Test" time="8.065" errors="0" timestamp="2023-04-05T18:36:23 EDT">
  <testcase classname="test.LandingValidations" name="ValidaeURL" time="0.024"/>
  <testcase classname="test.LandingValidations" name="Validatetitle" time="0.015"/>
  <testcase classname="test.LoginTest" name="validateUN" time="0.681"/>
  <testcase classname="test.LoginTest" name="invalidUNValidPW" time="0.389"/>
  <testcase classname="test.LoginTest" name="validUNinValidPW" time="0.326"/>
  <testcase classname="test.LoginTest" name="invalidUNinValidPW" time="0.278"/>
  <testcase classname="test.LoginTest" name="validateloginbutton" time="0.177"/>
  <testcase classname="test.Base" name="@AfterSuite afterSuite" time="0.0">
    <ignored/>
  </testcase> <!-- @AfterSuite afterSuite -->
</testsuite> <!-- Test -->
