<?xml version="1.0" encoding="UTF-8"?>
<testng-results ignored="5" total="14" passed="9" failed="0" skipped="0">
  <reporter-output>
  </reporter-output>
  <suite started-at="2023-04-08T09:10:26 EDT" name="Regression Suite" finished-at="2023-04-08T09:10:42 EDT" duration-ms="16720">
    <groups>
      <group name="Sanity">
        <method signature="LoginTest.validUNinValidPW(java.lang.String,java.lang.String)[pri:5, instance:test.LoginTest@2d52216b]" name="validUNinValidPW" class="test.LoginTest"/>
        <method signature="LoginTest.validUNinValidPW(java.lang.String,java.lang.String)[pri:5, instance:test.LoginTest@76b1e9b8]" name="validUNinValidPW" class="test.LoginTest"/>
      </group> <!-- Sanity -->
      <group name="Regression">
        <method signature="LoginTest.validateUN(java.lang.String,java.lang.String)[pri:3, instance:test.LoginTest@2d52216b]" name="validateUN" class="test.LoginTest"/>
        <method signature="LoginTest.validUNinValidPW(java.lang.String,java.lang.String)[pri:5, instance:test.LoginTest@2d52216b]" name="validUNinValidPW" class="test.LoginTest"/>
        <method signature="LoginTest.validateUN(java.lang.String,java.lang.String)[pri:3, instance:test.LoginTest@76b1e9b8]" name="validateUN" class="test.LoginTest"/>
        <method signature="LoginTest.validUNinValidPW(java.lang.String,java.lang.String)[pri:5, instance:test.LoginTest@76b1e9b8]" name="validUNinValidPW" class="test.LoginTest"/>
      </group> <!-- Regression -->
      <group name="Smoke">
        <method signature="LoginTest.invalidUNinValidPW(java.lang.String,java.lang.String)[pri:6, instance:test.LoginTest@2d52216b]" name="invalidUNinValidPW" class="test.LoginTest"/>
      </group> <!-- Smoke -->
    </groups>
    <test started-at="2023-04-08T09:10:26 EDT" name="RegressionTest Chrome" finished-at="2023-04-08T09:10:36 EDT" duration-ms="10658">
      <class name="test.LandingValidations">
        <test-method is-config="true" signature="beforeSuite(java.lang.String,java.lang.String)[pri:0, instance:test.LandingValidations@45099dd3]" started-at="2023-04-08T09:10:33 EDT" name="beforeSuite" finished-at="2023-04-08T09:10:35 EDT" duration-ms="2442" status="PASS">
          <params>
            <param index="0">
              <value>
                <![CDATA[chrome]]>
              </value>
            </param>
            <param index="1">
              <value>
                <![CDATA[https://www.facebook.com/]]>
              </value>
            </param>
          </params>
          <reporter-output>
          </reporter-output>
        </test-method> <!-- beforeSuite -->
        <test-method signature="ValidaeURL()[pri:1, instance:test.LandingValidations@45099dd3]" started-at="2023-04-08T09:10:35 EDT" name="ValidaeURL" finished-at="2023-04-08T09:10:35 EDT" duration-ms="9" status="PASS">
          <reporter-output>
          </reporter-output>
        </test-method> <!-- ValidaeURL -->
        <test-method is-config="true" signature="beforeMethod()[pri:0, instance:test.LandingValidations@45099dd3]" started-at="2023-04-08T09:10:35 EDT" name="beforeMethod" finished-at="2023-04-08T09:10:35 EDT" duration-ms="0" status="PASS">
          <reporter-output>
          </reporter-output>
        </test-method> <!-- beforeMethod -->
        <test-method is-config="true" signature="beforeMethod()[pri:0, instance:test.LandingValidations@45099dd3]" started-at="2023-04-08T09:10:35 EDT" name="beforeMethod" finished-at="2023-04-08T09:10:35 EDT" duration-ms="1" status="PASS">
          <reporter-output>
          </reporter-output>
        </test-method> <!-- beforeMethod -->
        <test-method signature="Validatetitle()[pri:2, instance:test.LandingValidations@45099dd3]" started-at="2023-04-08T09:10:35 EDT" name="Validatetitle" finished-at="2023-04-08T09:10:35 EDT" duration-ms="8" status="PASS">
          <reporter-output>
          </reporter-output>
        </test-method> <!-- Validatetitle -->
        <test-method is-config="true" signature="afterSuite()[pri:0, instance:test.LandingValidations@45099dd3]" started-at="2023-04-08T09:10:35 EDT" name="afterSuite" finished-at="2023-04-08T09:10:36 EDT" duration-ms="1082" status="PASS">
          <reporter-output>
          </reporter-output>
        </test-method> <!-- afterSuite -->
      </class> <!-- test.LandingValidations -->
      <class name="test.LoginTest">
        <test-method is-config="true" signature="beforeSuite(java.lang.String,java.lang.String)[pri:0, instance:test.LoginTest@2d52216b]" started-at="2023-04-08T09:10:26 EDT" name="beforeSuite" finished-at="2023-04-08T09:10:30 EDT" duration-ms="3975" status="PASS">
          <params>
            <param index="0">
              <value>
                <![CDATA[chrome]]>
              </value>
            </param>
            <param index="1">
              <value>
                <![CDATA[https://www.facebook.com/]]>
              </value>
            </param>
          </params>
          <reporter-output>
          </reporter-output>
        </test-method> <!-- beforeSuite -->
        <test-method is-config="true" signature="Beforeclass()[pri:0, instance:test.LoginTest@2d52216b]" started-at="2023-04-08T09:10:30 EDT" name="Beforeclass" finished-at="2023-04-08T09:10:30 EDT" duration-ms="33" status="PASS">
          <reporter-output>
          </reporter-output>
        </test-method> <!-- Beforeclass -->
        <test-method is-config="true" signature="beforeMethod()[pri:0, instance:test.LoginTest@2d52216b]" started-at="2023-04-08T09:10:30 EDT" name="beforeMethod" finished-at="2023-04-08T09:10:30 EDT" duration-ms="1" status="PASS">
          <reporter-output>
          </reporter-output>
        </test-method> <!-- beforeMethod -->
        <test-method signature="validateUN(java.lang.String,java.lang.String)[pri:3, instance:test.LoginTest@2d52216b]" started-at="2023-04-08T09:10:30 EDT" name="validateUN" finished-at="2023-04-08T09:10:30 EDT" duration-ms="471" status="PASS">
          <params>
            <param index="0">
              <value>
                <![CDATA[xyz@gmai.com]]>
              </value>
            </param>
            <param index="1">
              <value>
                <![CDATA[test@123]]>
              </value>
            </param>
          </params>
          <reporter-output>
          </reporter-output>
        </test-method> <!-- validateUN -->
        <test-method is-config="true" signature="beforeMethod()[pri:0, instance:test.LoginTest@2d52216b]" started-at="2023-04-08T09:10:30 EDT" name="beforeMethod" finished-at="2023-04-08T09:10:30 EDT" duration-ms="1" status="PASS">
          <reporter-output>
          </reporter-output>
        </test-method> <!-- beforeMethod -->
        <test-method signature="invalidUNValidPW(java.lang.String,java.lang.String)[pri:4, instance:test.LoginTest@2d52216b]" started-at="2023-04-08T09:10:30 EDT" name="invalidUNValidPW" finished-at="2023-04-08T09:10:31 EDT" duration-ms="398" status="PASS">
          <params>
            <param index="0">
              <value>
                <![CDATA[1234@gmail.com]]>
              </value>
            </param>
            <param index="1">
              <value>
                <![CDATA[test@123]]>
              </value>
            </param>
          </params>
          <reporter-output>
          </reporter-output>
        </test-method> <!-- invalidUNValidPW -->
        <test-method signature="validUNinValidPW(java.lang.String,java.lang.String)[pri:5, instance:test.LoginTest@2d52216b]" started-at="2023-04-08T09:10:31 EDT" name="validUNinValidPW" finished-at="2023-04-08T09:10:31 EDT" duration-ms="386" status="PASS">
          <params>
            <param index="0">
              <value>
                <![CDATA[xyz@gmai.com]]>
              </value>
            </param>
            <param index="1">
              <value>
                <![CDATA[5328rdiuqr]]>
              </value>
            </param>
          </params>
          <reporter-output>
          </reporter-output>
        </test-method> <!-- validUNinValidPW -->
        <test-method is-config="true" signature="beforeMethod()[pri:0, instance:test.LoginTest@2d52216b]" started-at="2023-04-08T09:10:31 EDT" name="beforeMethod" finished-at="2023-04-08T09:10:31 EDT" duration-ms="0" status="PASS">
          <reporter-output>
          </reporter-output>
        </test-method> <!-- beforeMethod -->
        <test-method is-config="true" signature="beforeMethod()[pri:0, instance:test.LoginTest@2d52216b]" started-at="2023-04-08T09:10:31 EDT" name="beforeMethod" finished-at="2023-04-08T09:10:31 EDT" duration-ms="1" status="PASS">
          <reporter-output>
          </reporter-output>
        </test-method> <!-- beforeMethod -->
        <test-method signature="invalidUNinValidPW(java.lang.String,java.lang.String)[pri:6, instance:test.LoginTest@2d52216b]" started-at="2023-04-08T09:10:31 EDT" name="invalidUNinValidPW" finished-at="2023-04-08T09:10:31 EDT" duration-ms="454" status="PASS">
          <params>
            <param index="0">
              <value>
                <![CDATA[1234@gmail.com]]>
              </value>
            </param>
            <param index="1">
              <value>
                <![CDATA[5328rdiuqr]]>
              </value>
            </param>
          </params>
          <reporter-output>
          </reporter-output>
        </test-method> <!-- invalidUNinValidPW -->
        <test-method signature="validateloginbutton()[pri:7, instance:test.LoginTest@2d52216b]" started-at="2023-04-08T09:10:31 EDT" name="validateloginbutton" finished-at="2023-04-08T09:10:32 EDT" duration-ms="238" status="PASS">
          <reporter-output>
          </reporter-output>
        </test-method> <!-- validateloginbutton -->
        <test-method is-config="true" signature="beforeMethod()[pri:0, instance:test.LoginTest@2d52216b]" started-at="2023-04-08T09:10:31 EDT" name="beforeMethod" finished-at="2023-04-08T09:10:31 EDT" duration-ms="0" status="PASS">
          <reporter-output>
          </reporter-output>
        </test-method> <!-- beforeMethod -->
        <test-method is-config="true" signature="afterSuite()[pri:0, instance:test.LoginTest@2d52216b]" started-at="2023-04-08T09:10:32 EDT" name="afterSuite" finished-at="2023-04-08T09:10:33 EDT" duration-ms="1054" status="PASS">
          <reporter-output>
          </reporter-output>
        </test-method> <!-- afterSuite -->
      </class> <!-- test.LoginTest -->
    </test> <!-- RegressionTest Chrome -->
    <test started-at="2023-04-08T09:10:36 EDT" name="RegressionTest Firefox" finished-at="2023-04-08T09:10:42 EDT" duration-ms="5978">
      <class name="test.LoginTest">
        <test-method is-config="true" signature="beforeSuite(java.lang.String,java.lang.String)[pri:0, instance:test.LoginTest@76b1e9b8]" started-at="2023-04-08T09:10:36 EDT" name="beforeSuite" finished-at="2023-04-08T09:10:42 EDT" duration-ms="5184" status="PASS">
          <params>
            <param index="0">
              <value>
                <![CDATA[firefox]]>
              </value>
            </param>
            <param index="1">
              <value>
                <![CDATA[https://www.facebook.com/]]>
              </value>
            </param>
          </params>
          <reporter-output>
          </reporter-output>
        </test-method> <!-- beforeSuite -->
        <test-method is-config="true" signature="Beforeclass()[pri:0, instance:test.LoginTest@76b1e9b8]" started-at="2023-04-08T09:10:42 EDT" name="Beforeclass" finished-at="2023-04-08T09:10:42 EDT" duration-ms="0" status="PASS">
          <reporter-output>
          </reporter-output>
        </test-method> <!-- Beforeclass -->
        <test-method signature="validateUN(java.lang.String,java.lang.String)[pri:3, instance:test.LoginTest@76b1e9b8]" started-at="2023-04-08T09:10:42 EDT" name="validateUN" finished-at="2023-04-08T09:10:42 EDT" duration-ms="465" status="PASS">
          <params>
            <param index="0">
              <value>
                <![CDATA[xyz@gmai.com]]>
              </value>
            </param>
            <param index="1">
              <value>
                <![CDATA[test@123]]>
              </value>
            </param>
          </params>
          <reporter-output>
          </reporter-output>
        </test-method> <!-- validateUN -->
        <test-method signature="validUNinValidPW(java.lang.String,java.lang.String)[pri:5, instance:test.LoginTest@76b1e9b8]" started-at="2023-04-08T09:10:42 EDT" name="validUNinValidPW" finished-at="2023-04-08T09:10:42 EDT" duration-ms="323" status="PASS">
          <params>
            <param index="0">
              <value>
                <![CDATA[xyz@gmai.com]]>
              </value>
            </param>
            <param index="1">
              <value>
                <![CDATA[5328rdiuqr]]>
              </value>
            </param>
          </params>
          <reporter-output>
          </reporter-output>
        </test-method> <!-- validUNinValidPW -->
      </class> <!-- test.LoginTest -->
    </test> <!-- RegressionTest Firefox -->
  </suite> <!-- Regression Suite -->
</testng-results>
